<?xml version="1.0" encoding="UTF-8"?>
<!-- Generated by org.testng.reporters.JUnitXMLReporter -->
<testsuite ignored="0" hostname="vivobook-asuslaptop-x512flc-x512fl" failures="0" tests="9" name="Default test" time="171.019" errors="0" timestamp="2024-02-01T10:15:04 IST">
  <testcase classname="com.apollo2.apollo2_Homepage.sanitytesting" name="testSanity" time="1.322"/>
  <testcase classname="com.apollo2.apollo2_Homepage.sanitytesting" name="homepagecontent" time="0.347"/>
  <testcase classname="com.apollo2.apollo2_Homepage.sanitytesting" name="homepagePeople" time="55.304"/>
  <testcase classname="com.apollo2.apollo2_Homepage.sanitytesting" name="homepagehighlights" time="25.687"/>
  <testcase classname="com.apollo2.apollo2_Homepage.sanitytesting" name="Dataportal" time="6.193"/>
  <testcase classname="com.apollo2.apollo2_Homepage.sanitytesting" name="Homenewsandevents" time="8.799"/>
  <testcase classname="com.apollo2.apollo2_Homepage.sanitytesting" name="Homecareer" time="49.462"/>
  <testcase classname="com.apollo2.apollo2_Homepage.sanitytesting" name="homegallery" time="8.818"/>
  <testcase classname="com.apollo2.apollo2_Homepage.sanitytesting" name="Homecontacts" time="14.226"/>
</testsuite> <!-- Default test -->
