<?xml version="1.0" encoding="UTF-8"?>
<testng-results ignored="0" total="1" passed="1" failed="0" skipped="0">
  <reporter-output>
  </reporter-output>
  <suite started-at="2024-01-12T11:17:03 IST" name="Default suite" finished-at="2024-01-12T11:20:08 IST" duration-ms="185760">
    <groups>
    </groups>
    <test started-at="2024-01-12T11:17:03 IST" name="Default test" finished-at="2024-01-12T11:20:08 IST" duration-ms="185760">
      <class name="com.apollo2.apollo2_Homepage.sanitytesting">
        <test-method is-config="true" signature="setup()[pri:0, instance:com.apollo2.apollo2_Homepage.sanitytesting@2a54a73f]" started-at="2024-01-12T11:17:03 IST" name="setup" finished-at="2024-01-12T11:17:03 IST" duration-ms="827" status="PASS">
          <reporter-output>
          </reporter-output>
        </test-method> <!-- setup -->
        <test-method signature="testSanity()[pri:0, instance:com.apollo2.apollo2_Homepage.sanitytesting@2a54a73f]" started-at="2024-01-12T11:17:03 IST" name="testSanity" finished-at="2024-01-12T11:20:08 IST" duration-ms="184244" status="PASS">
          <reporter-output>
          </reporter-output>
        </test-method> <!-- testSanity -->
        <test-method is-config="true" signature="tearDown()[pri:0, instance:com.apollo2.apollo2_Homepage.sanitytesting@2a54a73f]" started-at="2024-01-12T11:20:08 IST" name="tearDown" finished-at="2024-01-12T11:20:08 IST" duration-ms="670" status="PASS">
          <reporter-output>
          </reporter-output>
        </test-method> <!-- tearDown -->
      </class> <!-- com.apollo2.apollo2_Homepage.sanitytesting -->
    </test> <!-- Default test -->
  </suite> <!-- Default suite -->
</testng-results>
